[debug] > Exec(early(addDefaultCommands), None, None)
[debug] > Exec(addDefaultCommands, None, None)
[debug] > Exec(early(initialize), None, None)
[debug] > Exec(initialize, None, None)
[debug] > Exec(boot, None, None)
[debug] > Exec(writeSbtVersion, None, None)
[debug] > Exec(reload, None, None)
[debug] > Exec(sbtStashOnFailure, None, None)
[debug] > Exec(onFailure loadFailed, None, None)
[debug] > Exec(loadp, None, None)
[info] welcome to sbt 1.10.0 (Oracle Corporation Java 21.0.2)
[debug] Load.defaultLoad until apply took 212.950855ms
[debug]           Load.loadUnit: plugins took 113.569433ms
[debug]           Load.loadUnit: defsScala took 0.357573ms
[debug] [Loading] Scanning directory /home/dell/Downloads/go1percent-master/Task-Management/project
[debug] [Loading] Found non-root projects 
[debug] [Loading] Done in /home/dell/Downloads/go1percent-master/Task-Management/project, returning: ()
[debug] deducing auto plugins based on known facts Set(Atom(sbt.plugins.CorePlugin)) and clauses Clauses(Clause(Atom(sbt.plugins.JvmPlugin),Set(Atom(sbt.plugins.IvyPlugin)))
[debug] Clause(Atom(sbt.ScriptedPlugin),Set(Atom(sbt.plugins.JvmPlugin)))
[debug] Clause(Atom(sbt.plugins.SbtPlugin),Set(Atom(sbt.ScriptedPlugin)))
[debug] Clause(Atom(sbt.plugins.SemanticdbPlugin),Set(Atom(sbt.plugins.JvmPlugin)))
[debug] Clause(Atom(sbt.plugins.JUnitXmlReportPlugin),Set(Atom(sbt.plugins.JvmPlugin)))
[debug] Clause(Atom(sbt.plugins.MiniDependencyTreePlugin),Set(Atom(sbt.plugins.JvmPlugin)))
[debug] Clause(Atom(sbt.plugins.CorePlugin),Set(Atom(sbt.plugins.IvyPlugin)))
[debug] Clause(Atom(sbt.plugins.IvyPlugin),Set(Atom(sbt.plugins.JvmPlugin)))
[debug] Clause(Atom(sbt.plugins.JvmPlugin),Set(Atom(sbt.plugins.SemanticdbPlugin)))
[debug] Clause(Atom(sbt.plugins.JvmPlugin),Set(Atom(sbt.plugins.JUnitXmlReportPlugin)))
[debug] Clause(Atom(sbt.plugins.CorePlugin),Set(Atom(sbt.plugins.Giter8TemplatePlugin)))
[debug] Clause(Atom(sbt.plugins.JvmPlugin),Set(Atom(sbt.plugins.MiniDependencyTreePlugin))))
[debug]   :: deduced result: Matched(sbt.plugins.CorePlugin,sbt.plugins.Giter8TemplatePlugin,sbt.plugins.IvyPlugin,sbt.plugins.JvmPlugin,sbt.plugins.MiniDependencyTreePlugin,sbt.plugins.JUnitXmlReportPlugin,sbt.plugins.SemanticdbPlugin)
[debug] Plugins.deducer#function took 29.272578 ms
[debug]               Load.resolveProject(task-management-build) took 64.944293ms
[debug]             Load.loadTransitive: finalizeProject(Project(id task-management-build, base: /home/dell/Downloads/go1percent-master/Task-Management/project, plugins: List(<none>))) took 124.708518ms
[debug] [Loading] Done in /home/dell/Downloads/go1percent-master/Task-Management/project, returning: (task-management-build)
[debug]           Load.loadUnit: loadedProjectsRaw took 153.309935ms
[debug]           Load.loadUnit: cleanEvalClasses took 0.31388ms
[debug]         Load.loadUnit(file:/home/dell/Downloads/go1percent-master/Task-Management/project/, ...) took 276.959696ms
[debug]       Load.apply: load took 537.373563ms
[debug]       Load.apply: resolveProjects took 10.019121ms
[debug]       Load.apply: finalTransforms took 89.360801ms
[debug]       Load.apply: config.delegates took 9.14551ms
[debug]       Load.apply: Def.make(settings)... took 620.968505ms
[debug]       Load.apply: structureIndex took 146.451714ms
[debug]       Load.apply: mkStreams took 15.776597ms
[info] loading project definition from /home/dell/Downloads/go1percent-master/Task-Management/project
[debug] Running task... Cancel: Signal, check cycles: false, forcegc: true
[debug]     Load.loadUnit: plugins took 2619.00371ms
[debug]     Load.loadUnit: defsScala took 0.005305ms
[debug] [Loading] Scanning directory /home/dell/Downloads/go1percent-master/Task-Management
[debug]       Load.loadUnit: mkEval took 10.471469ms
[debug] [Loading] Found root project root w/ remaining 
[debug] deducing auto plugins based on known facts Set(Atom(sbt.plugins.CorePlugin)) and clauses Clauses(Clause(Atom(sbt.plugins.JvmPlugin),Set(Atom(sbt.plugins.IvyPlugin)))
[debug] Clause(Atom(sbt.ScriptedPlugin),Set(Atom(sbt.plugins.JvmPlugin)))
[debug] Clause(Atom(sbt.plugins.SbtPlugin),Set(Atom(sbt.ScriptedPlugin)))
[debug] Clause(Atom(sbt.plugins.SemanticdbPlugin),Set(Atom(sbt.plugins.JvmPlugin)))
[debug] Clause(Atom(sbt.plugins.JUnitXmlReportPlugin),Set(Atom(sbt.plugins.JvmPlugin)))
[debug] Clause(Atom(sbt.plugins.MiniDependencyTreePlugin),Set(Atom(sbt.plugins.JvmPlugin)))
[debug] Clause(Atom(sbt.plugins.CorePlugin),Set(Atom(sbt.plugins.IvyPlugin)))
[debug] Clause(Atom(sbt.plugins.IvyPlugin),Set(Atom(sbt.plugins.JvmPlugin)))
[debug] Clause(Atom(sbt.plugins.JvmPlugin),Set(Atom(sbt.plugins.SemanticdbPlugin)))
[debug] Clause(Atom(sbt.plugins.JvmPlugin),Set(Atom(sbt.plugins.JUnitXmlReportPlugin)))
[debug] Clause(Atom(sbt.plugins.CorePlugin),Set(Atom(sbt.plugins.Giter8TemplatePlugin)))
[debug] Clause(Atom(sbt.plugins.JvmPlugin),Set(Atom(sbt.plugins.MiniDependencyTreePlugin))))
[debug]   :: deduced result: Matched(sbt.plugins.CorePlugin,sbt.plugins.Giter8TemplatePlugin,sbt.plugins.IvyPlugin,sbt.plugins.JvmPlugin,sbt.plugins.MiniDependencyTreePlugin,sbt.plugins.JUnitXmlReportPlugin,sbt.plugins.SemanticdbPlugin)
[debug] Plugins.deducer#function took 2.391279 ms
[info] loading settings for project root from build.sbt ...
[debug]         Load.resolveProject(root) took 3.06496ms
[debug]       Load.loadTransitive: finalizeProject(Project(id root, base: /home/dell/Downloads/go1percent-master/Task-Management, plugins: List(<none>))) took 6.735959ms
[debug] [Loading] Done in /home/dell/Downloads/go1percent-master/Task-Management, returning: (root)
[debug]     Load.loadUnit: loadedProjectsRaw took 2867.906429ms
[debug]     Load.loadUnit: cleanEvalClasses took 9.139866ms
[debug]   Load.loadUnit(file:/home/dell/Downloads/go1percent-master/Task-Management/, ...) took 5497.753773ms
[debug] Load.apply: load took 5530.50978ms
[debug] Load.apply: resolveProjects took 0.22813ms
[debug] Load.apply: finalTransforms took 26.555378ms
[debug] Load.apply: config.delegates took 0.692873ms
[debug] Load.apply: Def.make(settings)... took 127.517748ms
[debug] Load.apply: structureIndex took 77.070346ms
[debug] Load.apply: mkStreams took 0.002381ms
[info] set current project to Task-Management (in build file:/home/dell/Downloads/go1percent-master/Task-Management/)
[debug] > Exec(sbtPopOnFailure, None, None)
[debug] > Exec(resumeFromFailure, None, None)
[debug] > Exec(notifyUsersAboutShell, None, None)
[debug] > Exec(iflast shell, None, None)
[debug] > Exec(shell, None, None)
[info] 
[info] Here are some highlights of sbt 1.10.0:
[info]   - SIP-51 support for Scala 2.13 evolution
[info]   - Various Zinc fixes
[info]   - ConsistentAnalysisFormat: new Zinc Analysis serialization
[info]   - CommandProgress API
[info] See https://eed3si9n.com/sbt-1.10.0 for full release notes.
[info] Hide the banner for this release by running `skipBanner`.
[info] sbt server started at local:///home/dell/.sbt/1.0/server/175598f520bdbfe7e8ba/sock
[debug] Writing bsp connection file
[info] started sbt server
